0 info it worked if it ends with ok
1 verbose cli [ '/Users/qatesting/.nvm/versions/node/v6.5.0/bin/node',
1 verbose cli   '/Users/qatesting/.nvm/versions/node/v6.5.0/bin/npm',
1 verbose cli   'install',
1 verbose cli   'web-push',
1 verbose cli   '--save' ]
2 info using npm@3.10.3
3 info using node@v6.5.0
4 verbose config Skipping project config: /Users/qatesting/.npmrc. (matches userconfig)
5 silly loadCurrentTree Starting
6 silly install loadCurrentTree
7 silly install readLocalPackageData
8 silly fetchPackageMetaData web-push
9 silly fetchNamedPackageData web-push
10 silly mapToRegistry name web-push
11 silly mapToRegistry using default registry
12 silly mapToRegistry registry https://registry.npmjs.org/
13 silly mapToRegistry data Result {
13 silly mapToRegistry   raw: 'web-push',
13 silly mapToRegistry   scope: null,
13 silly mapToRegistry   escapedName: 'web-push',
13 silly mapToRegistry   name: 'web-push',
13 silly mapToRegistry   rawSpec: '',
13 silly mapToRegistry   spec: 'latest',
13 silly mapToRegistry   type: 'tag' }
14 silly mapToRegistry uri https://registry.npmjs.org/web-push
15 verbose request uri https://registry.npmjs.org/web-push
16 verbose request no auth needed
17 info attempt registry request try #1 at 12:22:40 PM
18 verbose request id 2c57831865d23bd2
19 verbose etag W/"59e93242-d4f5"
20 verbose lastModified Thu, 19 Oct 2017 23:16:18 GMT
21 http request GET https://registry.npmjs.org/web-push
22 http 304 https://registry.npmjs.org/web-push
23 verbose headers { date: 'Fri, 27 Oct 2017 04:22:40 GMT',
23 verbose headers   via: '1.1 varnish',
23 verbose headers   'cache-control': 'max-age=300',
23 verbose headers   etag: 'W/"59e93242-d4f5"',
23 verbose headers   age: '215',
23 verbose headers   connection: 'keep-alive',
23 verbose headers   'x-served-by': 'cache-nrt6135-NRT',
23 verbose headers   'x-cache': 'HIT',
23 verbose headers   'x-cache-hits': '1',
23 verbose headers   'x-timer': 'S1509078161.770980,VS0,VE0',
23 verbose headers   vary: 'Accept-Encoding, Accept' }
24 silly get cb [ 304,
24 silly get   { date: 'Fri, 27 Oct 2017 04:22:40 GMT',
24 silly get     via: '1.1 varnish',
24 silly get     'cache-control': 'max-age=300',
24 silly get     etag: 'W/"59e93242-d4f5"',
24 silly get     age: '215',
24 silly get     connection: 'keep-alive',
24 silly get     'x-served-by': 'cache-nrt6135-NRT',
24 silly get     'x-cache': 'HIT',
24 silly get     'x-cache-hits': '1',
24 silly get     'x-timer': 'S1509078161.770980,VS0,VE0',
24 silly get     vary: 'Accept-Encoding, Accept' } ]
25 verbose etag https://registry.npmjs.org/web-push from cache
26 verbose get saving web-push to /Users/qatesting/.npm/registry.npmjs.org/web-push/.cache.json
27 verbose correctMkdir /Users/qatesting/.npm correctMkdir not in flight; initializing
28 silly install normalizeTree
29 silly loadCurrentTree Finishing
30 silly loadIdealTree Starting
31 silly install loadIdealTree
32 silly cloneCurrentTree Starting
33 silly install cloneCurrentTreeToIdealTree
34 silly cloneCurrentTree Finishing
35 silly loadShrinkwrap Starting
36 silly install loadShrinkwrap
37 silly loadShrinkwrap Finishing
38 silly loadAllDepsIntoIdealTree Starting
39 silly install loadAllDepsIntoIdealTree
40 silly resolveWithNewModule web-push@3.2.4 checking installable status
41 silly cache add args [ 'web-push', null ]
42 verbose cache add spec web-push
43 silly cache add parsed spec Result {
43 silly cache add   raw: 'web-push',
43 silly cache add   scope: null,
43 silly cache add   escapedName: 'web-push',
43 silly cache add   name: 'web-push',
43 silly cache add   rawSpec: '',
43 silly cache add   spec: 'latest',
43 silly cache add   type: 'tag' }
44 silly addNamed web-push@latest
45 verbose addNamed "latest" is being treated as a dist-tag for web-push
46 info addNameTag [ 'web-push', 'latest' ]
47 silly mapToRegistry name web-push
48 silly mapToRegistry using default registry
49 silly mapToRegistry registry https://registry.npmjs.org/
50 silly mapToRegistry data Result {
50 silly mapToRegistry   raw: 'web-push',
50 silly mapToRegistry   scope: null,
50 silly mapToRegistry   escapedName: 'web-push',
50 silly mapToRegistry   name: 'web-push',
50 silly mapToRegistry   rawSpec: '',
50 silly mapToRegistry   spec: 'latest',
50 silly mapToRegistry   type: 'tag' }
51 silly mapToRegistry uri https://registry.npmjs.org/web-push
52 verbose addNameTag registry:https://registry.npmjs.org/web-push not in flight; fetching
53 verbose get https://registry.npmjs.org/web-push not expired, no request
54 silly addNameTag next cb for web-push with tag latest
55 silly addNamed web-push@3.2.4
56 verbose addNamed "3.2.4" is a plain semver version for web-push
57 silly cache afterAdd web-push@3.2.4
58 verbose afterAdd /Users/qatesting/.npm/web-push/3.2.4/package/package.json not in flight; writing
59 verbose correctMkdir /Users/qatesting/.npm correctMkdir not in flight; initializing
60 verbose afterAdd /Users/qatesting/.npm/web-push/3.2.4/package/package.json written
61 verbose stack TypeError: Cannot convert undefined or null to object
61 verbose stack     at /Users/qatesting/.nvm/versions/node/v6.5.0/lib/node_modules/npm/lib/install/deps.js:634:19
61 verbose stack     at Array.some (native)
61 verbose stack     at exports.earliestInstallable (/Users/qatesting/.nvm/versions/node/v6.5.0/lib/node_modules/npm/lib/install/deps.js:631:68)
61 verbose stack     at /Users/qatesting/.nvm/versions/node/v6.5.0/lib/node_modules/npm/lib/install/deps.js:533:20
61 verbose stack     at /Users/qatesting/.nvm/versions/node/v6.5.0/lib/node_modules/npm/node_modules/iferr/index.js:13:50
61 verbose stack     at addBundled (/Users/qatesting/.nvm/versions/node/v6.5.0/lib/node_modules/npm/lib/fetch-package-metadata.js:245:39)
61 verbose stack     at /Users/qatesting/.nvm/versions/node/v6.5.0/lib/node_modules/npm/lib/install/deps.js:532:5
61 verbose stack     at /Users/qatesting/.nvm/versions/node/v6.5.0/lib/node_modules/npm/node_modules/iferr/index.js:13:50
61 verbose stack     at Parse.<anonymous> (/Users/qatesting/.nvm/versions/node/v6.5.0/lib/node_modules/npm/lib/fetch-package-metadata.js:236:9)
61 verbose stack     at emitNone (events.js:86:13)
62 verbose cwd /Users/qatesting/stacy
63 error Darwin 16.7.0
64 error argv "/Users/qatesting/.nvm/versions/node/v6.5.0/bin/node" "/Users/qatesting/.nvm/versions/node/v6.5.0/bin/npm" "install" "web-push" "--save"
65 error node v6.5.0
66 error npm  v3.10.3
67 error Cannot convert undefined or null to object
68 error If you need help, you may report this error at:
68 error     <https://github.com/npm/npm/issues>
69 verbose exit [ 1, true ]
